Build started 28.03.2016 11:24:11.
     1>Project "C:\Users\Юра\Documents\Visual Studio 2015\Projects\cppDatabase - Index Access\cppDatabase\cppDatabase.vcxproj" on node 2 (Build target(s)).
     1>ClCompile:
         C:\Program Files (x86)\Microsoft Visual Studio 14.0\VC\bin\CL.exe /c /ZI /nologo /W3 /WX- /sdl /Od /Oy- /D WIN32 /D _DEBUG /D _CONSOLE /D _UNICODE /D UNICODE /Gm /EHsc /RTC1 /MDd /GS /fp:precise /Zc:wchar_t /Zc:forScope /Zc:inline /Fo"Debug\\" /Fd"Debug\vc140.pdb" /Gd /TP /analyze- /errorReport:prompt StudentDatabase.cpp
         StudentDatabase.cpp
     1>c:\users\юра\documents\visual studio 2015\projects\cppdatabase - index access\cppdatabase\studentdatabase.cpp(103): warning C4244: '=': conversion from 'std::streamoff' to 'long', possible loss of data
     1>c:\users\юра\documents\visual studio 2015\projects\cppdatabase - index access\cppdatabase\studentdatabase.cpp(146): warning C4018: '<': signed/unsigned mismatch
     1>c:\users\юра\documents\visual studio 2015\projects\cppdatabase - index access\cppdatabase\studentdatabase.cpp(218): warning C4244: '=': conversion from 'std::streamoff' to 'long', possible loss of data
     1>c:\users\юра\documents\visual studio 2015\projects\cppdatabase - index access\cppdatabase\studentdatabase.cpp(248): warning C4244: '=': conversion from 'std::streamoff' to 'long', possible loss of data
     1>c:\users\юра\documents\visual studio 2015\projects\cppdatabase - index access\cppdatabase\studentdatabase.cpp(343): warning C4244: '=': conversion from 'std::streamoff' to 'long', possible loss of data
     1>c:\users\юра\documents\visual studio 2015\projects\cppdatabase - index access\cppdatabase\studentdatabase.cpp(366): warning C4244: '=': conversion from 'std::streamoff' to 'long', possible loss of data
     1>c:\users\юра\documents\visual studio 2015\projects\cppdatabase - index access\cppdatabase\studentdatabase.cpp(406): warning C4018: '<': signed/unsigned mismatch
     1>c:\users\юра\documents\visual studio 2015\projects\cppdatabase - index access\cppdatabase\studentdatabase.cpp(438): warning C4244: '=': conversion from 'std::streamoff' to 'long', possible loss of data
     1>c:\users\юра\documents\visual studio 2015\projects\cppdatabase - index access\cppdatabase\studentdatabase.cpp(460): warning C4244: '=': conversion from 'std::streamoff' to 'long', possible loss of data
     1>c:\users\юра\documents\visual studio 2015\projects\cppdatabase - index access\cppdatabase\studentdatabase.cpp(465): warning C4244: '=': conversion from 'std::streamoff' to 'long', possible loss of data
     1>c:\users\юра\documents\visual studio 2015\projects\cppdatabase - index access\cppdatabase\studentdatabase.cpp(126): warning C4715: 'StudentDatabase::GetBlockFromIndex': not all control paths return a value
       Link:
         C:\Program Files (x86)\Microsoft Visual Studio 14.0\VC\bin\link.exe /ERRORREPORT:PROMPT /OUT:"C:\Users\Юра\Documents\Visual Studio 2015\Projects\cppDatabase - Index Access\Debug\cppDatabase.exe" /INCREMENTAL /NOLOGO kernel32.lib user32.lib gdi32.lib winspool.lib comdlg32.lib advapi32.lib shell32.lib ole32.lib oleaut32.lib uuid.lib odbc32.lib odbccp32.lib /MANIFEST /MANIFESTUAC:"level='asInvoker' uiAccess='false'" /manifest:embed /Debug /PDB:"C:\Users\Юра\Documents\Visual Studio 2015\Projects\cppDatabase - Index Access\Debug\cppDatabase.pdb" /SUBSYSTEM:CONSOLE /TLBID:1 /DYNAMICBASE /NXCOMPAT /IMPLIB:"C:\Users\Юра\Documents\Visual Studio 2015\Projects\cppDatabase - Index Access\Debug\cppDatabase.lib" /MACHINE:X86 Debug\Main.obj
         Debug\StudentDatabase.obj
         cppDatabase.vcxproj -> C:\Users\Юра\Documents\Visual Studio 2015\Projects\cppDatabase - Index Access\Debug\cppDatabase.exe
     1>Done Building Project "C:\Users\Юра\Documents\Visual Studio 2015\Projects\cppDatabase - Index Access\cppDatabase\cppDatabase.vcxproj" (Build target(s)).

Build succeeded.

Time Elapsed 00:00:04.23
